生成启动时间为 2021/7/30 18:48:48。
     1>项目“E:\VScode\C language\C language\C language.vcxproj”在节点 2 上(build 个目标)。
     1>InitializeBuildStatus:
         正在创建“Debug\C language.unsuccessfulbuild”，因为已指定“AlwaysCreate”。
       ClCompile:
         e:\VS2010\VC\bin\CL.exe /c /ZI /nologo /W3 /WX- /Od /Oy- /D WIN32 /D _DEBUG /D _CONSOLE /D _UNICODE /D UNICODE /Gm /EHsc /RTC1 /MDd /GS /fp:precise /Zc:wchar_t /Zc:forScope /Fo"Debug\\" /Fd"Debug\vc100.pdb" /Gd /TC /analyze- /errorReport:prompt tantiao.c
         tantiao.c
     1>e:\vscode\c language\c language\tantiao.c(55): warning C4996: 'scanf': This function or variable may be unsafe. Consider using scanf_s instead. To disable deprecation, use _CRT_SECURE_NO_WARNINGS. See online help for details.
                 e:\vs2010\vc\include\stdio.h(304) : 参见“scanf”的声明
     1>e:\vscode\c language\c language\tantiao.c(69): warning C4244: “=”: 从“float”转换到“int”，可能丢失数据
       ManifestResourceCompile:
         所有输出均为最新。
       Link:
         e:\VS2010\VC\bin\link.exe /ERRORREPORT:PROMPT /OUT:"E:\VScode\C language\Debug\C language.exe" /INCREMENTAL /NOLOGO kernel32.lib user32.lib gdi32.lib winspool.lib comdlg32.lib advapi32.lib shell32.lib ole32.lib oleaut32.lib uuid.lib odbc32.lib odbccp32.lib /MANIFEST /ManifestFile:"Debug\C language.exe.intermediate.manifest" /MANIFESTUAC:"level='asInvoker' uiAccess='false'" /DEBUG /PDB:"E:\VScode\C language\Debug\C language.pdb" /SUBSYSTEM:CONSOLE /TLBID:1 /DYNAMICBASE /NXCOMPAT /IMPLIB:"E:\VScode\C language\Debug\C language.lib" /MACHINE:X86 "Debug\C language.exe.embed.manifest.res"
         Debug\tantiao.obj
       Manifest:
         C:\Program Files (x86)\Microsoft SDKs\Windows\v7.0A\bin\mt.exe /nologo /verbose /out:"Debug\C language.exe.embed.manifest" /manifest "Debug\C language.exe.intermediate.manifest"
         所有输出均为最新。
       LinkEmbedManifest:
         所有输出均为最新。
         C language.vcxproj -> E:\VScode\C language\Debug\C language.exe
       FinalizeBuildStatus:
         正在删除文件“Debug\C language.unsuccessfulbuild”。
         正在对“Debug\C language.lastbuildstate”执行 Touch 任务。
     1>已完成生成项目“E:\VScode\C language\C language\C language.vcxproj”(build 个目标)的操作。

生成成功。

已用时间 00:00:00.84
